{"total": {"lines":{"total":65,"covered":58,"skipped":0,"pct":89.23},"statements":{"total":67,"covered":59,"skipped":0,"pct":88.05},"functions":{"total":2,"covered":2,"skipped":0,"pct":100},"branches":{"total":22,"covered":16,"skipped":0,"pct":72.72},"branchesTrue":{"total":0,"covered":0,"skipped":0,"pct":"Unknown"}}
,"/Users/dannykoppenhagen/dev/scully-gh-pages-action/src/index.ts": {"lines":{"total":2,"covered":0,"skipped":0,"pct":0},"functions":{"total":0,"covered":0,"skipped":0,"pct":100},"statements":{"total":2,"covered":0,"skipped":0,"pct":0},"branches":{"total":0,"covered":0,"skipped":0,"pct":100}}
,"/Users/dannykoppenhagen/dev/scully-gh-pages-action/src/main.ts": {"lines":{"total":55,"covered":51,"skipped":0,"pct":92.72},"functions":{"total":1,"covered":1,"skipped":0,"pct":100},"statements":{"total":57,"covered":52,"skipped":0,"pct":91.22},"branches":{"total":19,"covered":14,"skipped":0,"pct":73.68}}
,"/Users/dannykoppenhagen/dev/scully-gh-pages-action/src/scully.ts": {"lines":{"total":8,"covered":7,"skipped":0,"pct":87.5},"functions":{"total":1,"covered":1,"skipped":0,"pct":100},"statements":{"total":8,"covered":7,"skipped":0,"pct":87.5},"branches":{"total":3,"covered":2,"skipped":0,"pct":66.66}}
}
