TN:
SF:src/index.ts
FNF:0
FNH:0
DA:4,0
DA:7,0
LF:2
LH:0
BRF:0
BRH:0
end_of_record
TN:
SF:src/main.ts
FN:10,run
FNF:1
FNH:1
FNDA:6,run
DA:1,1
DA:2,1
DA:3,1
DA:4,1
DA:5,1
DA:6,1
DA:8,1
DA:10,1
DA:11,6
DA:12,6
DA:13,6
DA:14,1
DA:17,1
DA:20,5
DA:21,5
DA:23,5
DA:24,1
DA:25,1
DA:26,1
DA:29,4
DA:31,4
DA:32,4
DA:33,4
DA:34,1
DA:38,4
DA:39,4
DA:40,4
DA:42,4
DA:44,4
DA:45,1
DA:48,4
DA:49,4
DA:50,4
DA:51,4
DA:53,4
DA:55,4
DA:56,4
DA:57,0
DA:58,0
DA:59,0
DA:62,4
DA:63,4
DA:64,4
DA:65,4
DA:66,4
DA:69,4
DA:70,4
DA:73,4
DA:80,4
DA:81,4
DA:88,4
DA:91,4
DA:93,4
DA:94,4
DA:96,0
LF:55
LH:51
BRDA:13,0,0,1
BRDA:21,1,0,4
BRDA:23,2,0,1
BRDA:29,3,0,0
BRDA:29,3,1,4
BRDA:31,4,0,0
BRDA:31,4,1,4
BRDA:32,5,0,4
BRDA:32,5,1,3
BRDA:33,6,0,1
BRDA:34,7,0,1
BRDA:34,7,1,0
BRDA:42,8,0,4
BRDA:42,8,1,3
BRDA:44,9,0,1
BRDA:44,10,0,4
BRDA:44,10,1,1
BRDA:56,11,0,0
BRDA:96,12,0,0
BRF:19
BRH:14
end_of_record
TN:
SF:src/scully.ts
FN:4,executeScully
FNF:1
FNH:1
FNDA:4,executeScully
DA:1,1
DA:2,1
DA:4,1
DA:5,4
DA:8,4
DA:9,0
DA:12,4
DA:13,4
LF:8
LH:7
BRDA:5,0,0,4
BRDA:5,0,1,4
BRDA:8,1,0,0
BRF:3
BRH:2
end_of_record
